INFO	2024-01-25 14:11:37,249	0	org.example.Main	[main]	Attempting to add # number of books: 1
INFO	2024-01-25 14:11:45,481	8232	org.example.Main	[main]	Attempting to add a book.House, a b, horror, 1
INFO	2024-01-25 14:11:45,489	8240	org.example.Main	[main]	Attempting to add a book.House, a b, horror, 1
INFO	2024-01-25 14:11:47,004	9755	org.example.Main	[main]	viewing list
INFO	2024-01-25 14:11:47,004	9755	org.example.Main	[main]	Viewed sorted list of books
INFO	2024-01-25 14:11:49,308	12059	org.example.Main	[main]	searching list
INFO	2024-01-25 14:11:51,023	13774	org.example.Main	[main]	searching list by t
INFO	2024-01-25 14:11:52,145	14896	org.example.Main	[main]	searching list by t and a
INFO	2024-01-25 14:11:52,145	14896	org.example.Main	[main]	Searching for a book by title and keyword, a
INFO	2024-01-25 14:11:52,145	14896	org.example.Main	[main]	Searching using keyword did not find any resultsa
INFO	2024-01-25 14:11:55,532	18283	org.example.Main	[main]	viewing list
INFO	2024-01-25 14:11:55,533	18284	org.example.Main	[main]	Viewed sorted list of books
INFO	2024-01-25 14:11:59,036	21787	org.example.Main	[main]	searching list
INFO	2024-01-25 14:12:00,444	23195	org.example.Main	[main]	searching list by t
INFO	2024-01-25 14:12:04,540	27291	org.example.Main	[main]	searching list by t and ho
INFO	2024-01-25 14:12:04,540	27291	org.example.Main	[main]	Searching for a book by title and keyword, ho
INFO	2024-01-25 14:12:04,540	27291	org.example.Main	[main]	Searching to see if keyword is in searchResults
INFO	2024-01-25 14:12:04,540	27291	org.example.Main	[main]	Pulling search results using keyword, ho
INFO	2024-01-25 14:12:08,908	31659	org.example.Main	[main]	request to delete a book by title
INFO	2024-01-25 14:12:11,468	34219	org.example.Main	[main]	deleting house
INFO	2024-01-25 14:12:11,469	34220	org.example.Main	[main]	house is being removed from bookList
INFO	2024-01-25 14:12:13,148	35899	org.example.Main	[main]	viewing list
INFO	2024-01-25 14:12:13,148	35899	org.example.Main	[main]	Viewed sorted list of books
INFO	2024-01-25 14:12:14,380	37131	org.example.Main	[main]	Invalid input entered.C
